<?xml version="1.0" encoding="UTF-8"?>
<!-- Generated by org.testng.reporters.JUnitXMLReporter -->
<testsuite hostname="Viktors" name="Surefire test" tests="11" failures="0" timestamp="7 Nov 2016 14:41:45 GMT" time="6.681" errors="0">
  <testcase name="testAdd on testAdd(OtherClasses.BasicCalculatorTest)" time="0.334" classname="OtherClasses.BasicCalculatorTest"/>
  <testcase name="testSubtract on testSubtract(OtherClasses.BasicCalculatorTest)" time="0.093" classname="OtherClasses.BasicCalculatorTest"/>
  <testcase name="testDivide on testDivide(OtherClasses.BasicCalculatorTest)" time="4.831" classname="OtherClasses.BasicCalculatorTest"/>
  <testcase name="testMultiply on testMultiply(OtherClasses.BasicCalculatorTest)" time="0.084" classname="OtherClasses.BasicCalculatorTest"/>
  <testcase name="test on test(Main.MainTest)" time="0.243" classname="Main.MainTest"/>
  <testcase name="testMyAbs on testMyAbs(OtherClasses.AdvancedCalculatorTest)" time="0.158" classname="OtherClasses.AdvancedCalculatorTest"/>
  <testcase name="testMyMAX on testMyMAX(OtherClasses.AdvancedCalculatorTest)" time="0.099" classname="OtherClasses.AdvancedCalculatorTest"/>
  <testcase name="testMyMIN on testMyMIN(OtherClasses.AdvancedCalculatorTest)" time="0.079" classname="OtherClasses.AdvancedCalculatorTest"/>
  <testcase name="testMyPI on testMyPI(OtherClasses.AdvancedCalculatorTest)" time="0.002" classname="OtherClasses.AdvancedCalculatorTest"/>
  <testcase name="testMyFloor on testMyFloor(OtherClasses.AdvancedCalculatorTest)" time="0.053" classname="OtherClasses.AdvancedCalculatorTest"/>
  <testcase name="testMyRound on testMyRound(OtherClasses.AdvancedCalculatorTest)" time="0.117" classname="OtherClasses.AdvancedCalculatorTest"/>
</testsuite> <!-- Surefire test -->
