<?xml version="1.0" encoding="UTF-8"?>
<!-- Generated by org.testng.reporters.JUnitXMLReporter -->
<testsuite hostname="DESKTOP-EE0984M" name="Surefire test" tests="11" failures="0" timestamp="7 Nov 2016 14:21:55 GMT" time="15.518" errors="0">
  <testcase name="testAdd on testAdd(OtherClasses.BasicCalculatorTest)" time="0.125" classname="OtherClasses.BasicCalculatorTest"/>
  <testcase name="testSubtract on testSubtract(OtherClasses.BasicCalculatorTest)" time="0.035" classname="OtherClasses.BasicCalculatorTest"/>
  <testcase name="testDivide on testDivide(OtherClasses.BasicCalculatorTest)" time="14.662" classname="OtherClasses.BasicCalculatorTest"/>
  <testcase name="testMultiply on testMultiply(OtherClasses.BasicCalculatorTest)" time="0.031" classname="OtherClasses.BasicCalculatorTest"/>
  <testcase name="test on test(Main.MainTest)" time="0.128" classname="Main.MainTest"/>
  <testcase name="testMyAbs on testMyAbs(OtherClasses.AdvancedCalculatorTest)" time="0.092" classname="OtherClasses.AdvancedCalculatorTest"/>
  <testcase name="testMyMAX on testMyMAX(OtherClasses.AdvancedCalculatorTest)" time="0.011" classname="OtherClasses.AdvancedCalculatorTest"/>
  <testcase name="testMyMIN on testMyMIN(OtherClasses.AdvancedCalculatorTest)" time="0.011" classname="OtherClasses.AdvancedCalculatorTest"/>
  <testcase name="testMyPI on testMyPI(OtherClasses.AdvancedCalculatorTest)" time="0.0" classname="OtherClasses.AdvancedCalculatorTest"/>
  <testcase name="testMyFloor on testMyFloor(OtherClasses.AdvancedCalculatorTest)" time="0.012" classname="OtherClasses.AdvancedCalculatorTest"/>
  <testcase name="testMyRound on testMyRound(OtherClasses.AdvancedCalculatorTest)" time="0.086" classname="OtherClasses.AdvancedCalculatorTest"/>
</testsuite> <!-- Surefire test -->
