<?xml version="1.0" encoding="UTF-8"?>
<testsuite name="TestSuite" time="15.237" tests="11" errors="0" skipped="0" failures="0">
  <properties>
[...]
</properties>
  <testcase name="testAdd on testAdd(OtherClasses.BasicCalculatorTest)" classname="OtherClasses.BasicCalculatorTest" time="0.115"/>
  <testcase name="testSubtract on testSubtract(OtherClasses.BasicCalculatorTest)" classname="OtherClasses.BasicCalculatorTest" time="0.036"/>
  <testcase name="testDivide on testDivide(OtherClasses.BasicCalculatorTest)" classname="OtherClasses.BasicCalculatorTest" time="14.656"/>
  <testcase name="testMultiply on testMultiply(OtherClasses.BasicCalculatorTest)" classname="OtherClasses.BasicCalculatorTest" time="0.03"/>
  <testcase name="test on test(Main.MainTest)" classname="Main.MainTest" time="0.178"/>
  <testcase name="testMyAbs on testMyAbs(OtherClasses.AdvancedCalculatorTest)" classname="OtherClasses.AdvancedCalculatorTest" time="0.063"/>
  <testcase name="testMyMAX on testMyMAX(OtherClasses.AdvancedCalculatorTest)" classname="OtherClasses.AdvancedCalculatorTest" time="0.067"/>
  <testcase name="testMyMIN on testMyMIN(OtherClasses.AdvancedCalculatorTest)" classname="OtherClasses.AdvancedCalculatorTest" time="0.007"/>
  <testcase name="testMyPI on testMyPI(OtherClasses.AdvancedCalculatorTest)" classname="OtherClasses.AdvancedCalculatorTest" time="0"/>
  <testcase name="testMyFloor on testMyFloor(OtherClasses.AdvancedCalculatorTest)" classname="OtherClasses.AdvancedCalculatorTest" time="0.012"/>
  <testcase name="testMyRound on testMyRound(OtherClasses.AdvancedCalculatorTest)" classname="OtherClasses.AdvancedCalculatorTest" time="0.073"/>
</testsuite>