<?xml version="1.0" encoding="UTF-8"?>
<testng-results skipped="0" failed="0" total="11" passed="11">
  <reporter-output>
  </reporter-output>
  <suite name="Surefire suite" duration-ms="6681" started-at="2016-11-07T14:41:38Z" finished-at="2016-11-07T14:41:45Z">
    <groups>
    </groups>
    <test name="Surefire test" duration-ms="6681" started-at="2016-11-07T14:41:38Z" finished-at="2016-11-07T14:41:45Z">
      <class name="OtherClasses.AdvancedCalculatorTest">
        <test-method status="PASS" signature="testMyAbs()[pri:0, instance:testMyAbs(OtherClasses.AdvancedCalculatorTest)]" name="testMyAbs" duration-ms="158" started-at="2016-11-07T15:41:44Z" finished-at="2016-11-07T15:41:44Z">
          <reporter-output>
          </reporter-output>
        </test-method> <!-- testMyAbs -->
        <test-method status="PASS" signature="testMyMAX()[pri:0, instance:testMyMAX(OtherClasses.AdvancedCalculatorTest)]" name="testMyMAX" duration-ms="99" started-at="2016-11-07T15:41:44Z" finished-at="2016-11-07T15:41:44Z">
          <reporter-output>
          </reporter-output>
        </test-method> <!-- testMyMAX -->
        <test-method status="PASS" signature="testMyMIN()[pri:0, instance:testMyMIN(OtherClasses.AdvancedCalculatorTest)]" name="testMyMIN" duration-ms="79" started-at="2016-11-07T15:41:44Z" finished-at="2016-11-07T15:41:44Z">
          <reporter-output>
          </reporter-output>
        </test-method> <!-- testMyMIN -->
        <test-method status="PASS" signature="testMyPI()[pri:0, instance:testMyPI(OtherClasses.AdvancedCalculatorTest)]" name="testMyPI" duration-ms="2" started-at="2016-11-07T15:41:44Z" finished-at="2016-11-07T15:41:44Z">
          <reporter-output>
          </reporter-output>
        </test-method> <!-- testMyPI -->
        <test-method status="PASS" signature="testMyFloor()[pri:0, instance:testMyFloor(OtherClasses.AdvancedCalculatorTest)]" name="testMyFloor" duration-ms="53" started-at="2016-11-07T15:41:44Z" finished-at="2016-11-07T15:41:44Z">
          <reporter-output>
          </reporter-output>
        </test-method> <!-- testMyFloor -->
        <test-method status="PASS" signature="testMyRound()[pri:0, instance:testMyRound(OtherClasses.AdvancedCalculatorTest)]" name="testMyRound" duration-ms="117" started-at="2016-11-07T15:41:44Z" finished-at="2016-11-07T15:41:45Z">
          <reporter-output>
          </reporter-output>
        </test-method> <!-- testMyRound -->
      </class> <!-- OtherClasses.AdvancedCalculatorTest -->
      <class name="OtherClasses.BasicCalculatorTest">
        <test-method status="PASS" signature="testAdd()[pri:0, instance:testAdd(OtherClasses.BasicCalculatorTest)]" name="testAdd" duration-ms="334" started-at="2016-11-07T15:41:38Z" finished-at="2016-11-07T15:41:38Z">
          <reporter-output>
          </reporter-output>
        </test-method> <!-- testAdd -->
        <test-method status="PASS" signature="testSubtract()[pri:0, instance:testSubtract(OtherClasses.BasicCalculatorTest)]" name="testSubtract" duration-ms="93" started-at="2016-11-07T15:41:38Z" finished-at="2016-11-07T15:41:39Z">
          <reporter-output>
          </reporter-output>
        </test-method> <!-- testSubtract -->
        <test-method status="PASS" signature="testDivide()[pri:0, instance:testDivide(OtherClasses.BasicCalculatorTest)]" name="testDivide" duration-ms="4831" started-at="2016-11-07T15:41:39Z" finished-at="2016-11-07T15:41:43Z">
          <reporter-output>
          </reporter-output>
        </test-method> <!-- testDivide -->
        <test-method status="PASS" signature="testMultiply()[pri:0, instance:testMultiply(OtherClasses.BasicCalculatorTest)]" name="testMultiply" duration-ms="84" started-at="2016-11-07T15:41:43Z" finished-at="2016-11-07T15:41:43Z">
          <reporter-output>
          </reporter-output>
        </test-method> <!-- testMultiply -->
      </class> <!-- OtherClasses.BasicCalculatorTest -->
      <class name="Main.MainTest">
        <test-method status="PASS" signature="test()[pri:0, instance:test(Main.MainTest)]" name="test" duration-ms="243" started-at="2016-11-07T15:41:44Z" finished-at="2016-11-07T15:41:44Z">
          <reporter-output>
          </reporter-output>
        </test-method> <!-- test -->
      </class> <!-- Main.MainTest -->
    </test> <!-- Surefire test -->
  </suite> <!-- Surefire suite -->
</testng-results>
