<?xml version="1.0" encoding="UTF-8"?>
<testng-results skipped="0" failed="0" total="11" passed="11">
  <reporter-output>
  </reporter-output>
  <suite name="Surefire suite" duration-ms="15518" started-at="2016-11-07T14:21:40Z" finished-at="2016-11-07T14:21:55Z">
    <groups>
    </groups>
    <test name="Surefire test" duration-ms="15518" started-at="2016-11-07T14:21:40Z" finished-at="2016-11-07T14:21:55Z">
      <class name="OtherClasses.AdvancedCalculatorTest">
        <test-method status="PASS" signature="testMyAbs()[pri:0, instance:testMyAbs(OtherClasses.AdvancedCalculatorTest)]" name="testMyAbs" duration-ms="92" started-at="2016-11-07T15:21:55Z" finished-at="2016-11-07T15:21:55Z">
          <reporter-output>
          </reporter-output>
        </test-method> <!-- testMyAbs -->
        <test-method status="PASS" signature="testMyMAX()[pri:0, instance:testMyMAX(OtherClasses.AdvancedCalculatorTest)]" name="testMyMAX" duration-ms="11" started-at="2016-11-07T15:21:55Z" finished-at="2016-11-07T15:21:55Z">
          <reporter-output>
          </reporter-output>
        </test-method> <!-- testMyMAX -->
        <test-method status="PASS" signature="testMyMIN()[pri:0, instance:testMyMIN(OtherClasses.AdvancedCalculatorTest)]" name="testMyMIN" duration-ms="11" started-at="2016-11-07T15:21:55Z" finished-at="2016-11-07T15:21:55Z">
          <reporter-output>
          </reporter-output>
        </test-method> <!-- testMyMIN -->
        <test-method status="PASS" signature="testMyPI()[pri:0, instance:testMyPI(OtherClasses.AdvancedCalculatorTest)]" name="testMyPI" duration-ms="0" started-at="2016-11-07T15:21:55Z" finished-at="2016-11-07T15:21:55Z">
          <reporter-output>
          </reporter-output>
        </test-method> <!-- testMyPI -->
        <test-method status="PASS" signature="testMyFloor()[pri:0, instance:testMyFloor(OtherClasses.AdvancedCalculatorTest)]" name="testMyFloor" duration-ms="12" started-at="2016-11-07T15:21:55Z" finished-at="2016-11-07T15:21:55Z">
          <reporter-output>
          </reporter-output>
        </test-method> <!-- testMyFloor -->
        <test-method status="PASS" signature="testMyRound()[pri:0, instance:testMyRound(OtherClasses.AdvancedCalculatorTest)]" name="testMyRound" duration-ms="86" started-at="2016-11-07T15:21:55Z" finished-at="2016-11-07T15:21:55Z">
          <reporter-output>
          </reporter-output>
        </test-method> <!-- testMyRound -->
      </class> <!-- OtherClasses.AdvancedCalculatorTest -->
      <class name="OtherClasses.BasicCalculatorTest">
        <test-method status="PASS" signature="testAdd()[pri:0, instance:testAdd(OtherClasses.BasicCalculatorTest)]" name="testAdd" duration-ms="125" started-at="2016-11-07T15:21:40Z" finished-at="2016-11-07T15:21:40Z">
          <reporter-output>
          </reporter-output>
        </test-method> <!-- testAdd -->
        <test-method status="PASS" signature="testSubtract()[pri:0, instance:testSubtract(OtherClasses.BasicCalculatorTest)]" name="testSubtract" duration-ms="35" started-at="2016-11-07T15:21:40Z" finished-at="2016-11-07T15:21:40Z">
          <reporter-output>
          </reporter-output>
        </test-method> <!-- testSubtract -->
        <test-method status="PASS" signature="testDivide()[pri:0, instance:testDivide(OtherClasses.BasicCalculatorTest)]" name="testDivide" duration-ms="14662" started-at="2016-11-07T15:21:40Z" finished-at="2016-11-07T15:21:55Z">
          <reporter-output>
          </reporter-output>
        </test-method> <!-- testDivide -->
        <test-method status="PASS" signature="testMultiply()[pri:0, instance:testMultiply(OtherClasses.BasicCalculatorTest)]" name="testMultiply" duration-ms="31" started-at="2016-11-07T15:21:55Z" finished-at="2016-11-07T15:21:55Z">
          <reporter-output>
          </reporter-output>
        </test-method> <!-- testMultiply -->
      </class> <!-- OtherClasses.BasicCalculatorTest -->
      <class name="Main.MainTest">
        <test-method status="PASS" signature="test()[pri:0, instance:test(Main.MainTest)]" name="test" duration-ms="128" started-at="2016-11-07T15:21:55Z" finished-at="2016-11-07T15:21:55Z">
          <reporter-output>
          </reporter-output>
        </test-method> <!-- test -->
      </class> <!-- Main.MainTest -->
    </test> <!-- Surefire test -->
  </suite> <!-- Surefire suite -->
</testng-results>
